<?xml version="1.0" encoding="UTF-8"?>
<testng-results skipped="0" failed="0" total="3" passed="3">
  <reporter-output>
  </reporter-output>
  <suite name="Default suite" duration-ms="1266" started-at="2020-01-10T05:53:45Z" finished-at="2020-01-10T05:53:46Z">
    <groups>
    </groups>
    <test name="Default test" duration-ms="1266" started-at="2020-01-10T05:53:45Z" finished-at="2020-01-10T05:53:46Z">
      <class name="dataProvider.excelDataProvider.dataProvide">
        <test-method status="PASS" signature="testCaseData(java.lang.String, java.lang.String, java.lang.String)[pri:0, instance:dataProvider.excelDataProvider.dataProvide@c038203]" name="testCaseData" duration-ms="8" started-at="2020-01-10T11:23:46Z" data-provider="driveTest" finished-at="2020-01-10T11:23:46Z">
          <params>
            <param index="0">
              <value>
                <![CDATA[hello]]>
              </value>
            </param>
            <param index="1">
              <value>
                <![CDATA[text]]>
              </value>
            </param>
            <param index="2">
              <value>
                <![CDATA[1]]>
              </value>
            </param>
          </params>
          <reporter-output>
          </reporter-output>
        </test-method> <!-- testCaseData -->
        <test-method status="PASS" signature="testCaseData(java.lang.String, java.lang.String, java.lang.String)[pri:0, instance:dataProvider.excelDataProvider.dataProvide@c038203]" name="testCaseData" duration-ms="2" started-at="2020-01-10T11:23:46Z" data-provider="driveTest" finished-at="2020-01-10T11:23:46Z">
          <params>
            <param index="0">
              <value>
                <![CDATA[solo]]>
              </value>
            </param>
            <param index="1">
              <value>
                <![CDATA[call]]>
              </value>
            </param>
            <param index="2">
              <value>
                <![CDATA[453]]>
              </value>
            </param>
          </params>
          <reporter-output>
          </reporter-output>
        </test-method> <!-- testCaseData -->
        <test-method status="PASS" signature="testCaseData(java.lang.String, java.lang.String, java.lang.String)[pri:0, instance:dataProvider.excelDataProvider.dataProvide@c038203]" name="testCaseData" duration-ms="0" started-at="2020-01-10T11:23:46Z" data-provider="driveTest" finished-at="2020-01-10T11:23:46Z">
          <params>
            <param index="0">
              <value>
                <![CDATA[bye]]>
              </value>
            </param>
            <param index="1">
              <value>
                <![CDATA[message]]>
              </value>
            </param>
            <param index="2">
              <value>
                <![CDATA[143]]>
              </value>
            </param>
          </params>
          <reporter-output>
          </reporter-output>
        </test-method> <!-- testCaseData -->
      </class> <!-- dataProvider.excelDataProvider.dataProvide -->
    </test> <!-- Default test -->
  </suite> <!-- Default suite -->
</testng-results>
